Speech recognized: connect nao
Speech recognized: make nao rest
Speech recognized: start real-time telecontrol
Speech recognized: stop real-time telecontrol
Speech recognized: mirror on
mirror on: Rejet comme Faux Positif
Speech recognized: RIEN
Speech recognized: stop movement
stop movement: Rejet comme Faux Positif
Speech recognized: RIEN
Speech recognized: connect kinect
connect kinect: Rejet comme Faux Positif
Speech recognized: RIEN
Speech recognized: stop movement
stop movement: Rejet comme Faux Positif
Speech recognized: connect kinect
connect kinect: Rejet comme Faux Positif
Speech recognized: RIEN
Speech recognized: RIEN
Speech recognized: make nao rest
make nao rest: Rejet comme Faux Positif
Speech recognized: RIEN
Speech recognized: RIEN
Speech recognized: RIEN
Speech recognized: RIEN
Speech recognized: stop movement
stop movement: Rejet comme Faux Positif
Speech recognized: stop movement
stop movement: Rejet comme Faux Positif
Speech recognized: stop movement
stop movement: Rejet comme Faux Positif
Speech recognized: save movement
save movement: Rejet comme Faux Positif
Speech recognized: RIEN
